<?xml version="1.0" encoding="UTF-8"?>
<testng-results ignored="0" total="1" passed="1" failed="0" skipped="0">
  <reporter-output>
  </reporter-output>
  <suite started-at="2022-12-16T12:59:16 CST" name="Default suite" finished-at="2022-12-16T12:59:26 CST" duration-ms="10040">
    <groups>
    </groups>
    <test started-at="2022-12-16T12:59:16 CST" name="Default test" finished-at="2022-12-16T12:59:26 CST" duration-ms="10040">
      <class name="test.AddCustomerTest">
        <test-method signature="ValidUserShoulBeTbleToAddCustomer()[pri:0, instance:test.AddCustomerTest@55342f40]" started-at="2022-12-16T12:59:16 CST" name="ValidUserShoulBeTbleToAddCustomer" finished-at="2022-12-16T12:59:26 CST" duration-ms="10002" status="PASS">
          <reporter-output>
          </reporter-output>
        </test-method> <!-- ValidUserShoulBeTbleToAddCustomer -->
      </class> <!-- test.AddCustomerTest -->
    </test> <!-- Default test -->
  </suite> <!-- Default suite -->
</testng-results>
